


ARM Macro Assembler    Page 1 


    1 00000000                 area             FinalProject, code, readonly
    2 00000000                 export           __main
    3 00000000         __main  proc
    4 00000000 F44F 7CFA       ldr              r12,=500
    5 00000004 F04F 0BFA       ldr              r11,=250
    6 00000008 4841            LDR              r0,=0x40004C20
    7 0000000A F04F 0101       mov              r1, #2_00000001
    8 0000000E EA4F 0241       LSL              r2,r1,#1
    9 00000012 EA4F 1301       LSL              r3,r1,#4
   10 00000016 EA4F 1681       LSL              r6,r1,#6
   11 0000001A EA4F 18C1       LSL              r8,r1,#7
   12 0000001E EB01 0502       add              r5,r1,r2
   13 00000022 EB06 0908       add              r9,r6,r8
   14 00000026 EB05 0A09       add              r10,r5,r9
   15 0000002A F880 A025       STRB             r10, [r0,#0x25]
   16 0000002E F880 A027       STRB             r10, [r0,#0x27]
   17 00000032 F880 A029       STRB             r10, [r0,#0x29]
   18 00000036 F880 3026       STRB             r3, [r0,#0x26]
   19 0000003A 7141            STRB             r1, [r0,#5]
   20 0000003C 71C1            STRB             r1, [r0,#7]
   21 0000003E 7241            STRB             r1, [r0,#9]
   22 00000040 F04F 5400       LDR              r4, =0x20000000
   23 00000044 F04F 0700       mov              r7,#0
   24 00000048 7027            STRB             r7,[r4]
   25 0000004A 70C7            STRB             r7,[r0,#3]
   26 0000004C         L1open
   27 0000004C         
   28 0000004C F880 9023       STRB             r9,[r0,#0x23]
   29 00000050         
   30 00000050 F84D BD04       push             {r11}
   31 00000054 F000 F841       bl               delay
   32 00000058 F85D BB04       pop              {r11}
   33 0000005C F84D BD04       push             {r11}
   34 00000060 F000 F83B       bl               delay
   35 00000064 F85D BB04       pop              {r11}
   36 00000068 F84D BD04       push             {r11}
   37 0000006C F000 F835       bl               delay
   38 00000070 F85D BB04       pop              {r11}
   39 00000074         
   40 00000074 F000 F82B       bl               check
   41 00000078 E7E8            b                L1open
   42 0000007A E7E7    halt    b                L1open
   43 0000007C E7FD            b                halt
   44 0000007E         
   45 0000007E         AllowCrossing
   46 0000007E F880 2023       STRB             r2,[r0,#0x23]
   47 00000082 F84D BD04       push             {r11}
   48 00000086 F000 F828       bl               delay
   49 0000008A F85D BB04       pop              {r11}
   50 0000008E         
   51 0000008E F84D BD04       push             {r11}
   52 00000092 F000 F822       bl               delay
   53 00000096 F85D BB04       pop              {r11}
   54 0000009A         
   55 0000009A F880 1022       STRB             r1,[r0,#0x22]
   56 0000009E F880 1023       STRB             r1,[r0,#0x23]
   57 000000A2 70C1            STRB             r1,[r0,#3]
   58 000000A4         
   59 000000A4 F84D BD04       push             {r11}



ARM Macro Assembler    Page 2 


   60 000000A8 F000 F817       bl               delay
   61 000000AC F85D BB04       pop              {r11}
   62 000000B0         
   63 000000B0 F84D BD04       push             {r11}
   64 000000B4 F000 F811       bl               delay
   65 000000B8 F85D BB04       pop              {r11}
   66 000000BC         
   67 000000BC F84D BD04       push             {r11}
   68 000000C0 F000 F80B       bl               delay
   69 000000C4 F85D BB04       pop              {r11}
   70 000000C8         
   71 000000C8 F000 F81D       bl               clear
   72 000000CC E7BE            b                L1open
   73 000000CE         
   74 000000CE         check
   75 000000CE 6827            ldr              r7, [r4]
   76 000000D0 F007 0710       and              r7,r7,#0x10
   77 000000D4 2F10            cmp              r7, #0x10
   78 000000D6 D0D2            beq              AllowCrossing
   79 000000D8 4770            bx               lr
   80 000000DA         
   81 000000DA         delay
   82 000000DA F1AB 0B01       sub              r11,#1
   83 000000DE F84D CD04       push             {r12}
   84 000000E2         loop
   85 000000E2 F890 7020       ldrb             r7,[r0,#0x20]
   86 000000E6 F007 0710       and              r7,r7,#0x10
   87 000000EA 2F10            cmp              r7, #0x10
   88 000000EC D100            bne              n1
   89 000000EE 7027            STRB             r7,[r4]
   90 000000F0         n1
   91 000000F0 F1AC 0C01       sub              r12,#1
   92 000000F4 F1BC 0F00       cmp              r12,#0
   93 000000F8 D1F3            bne              loop
   94 000000FA F85D CB04       pop              {r12}
   95 000000FE F1BB 0F00       cmp              r11, #0
   96 00000102 D1EA            bne              delay
   97 00000104 4770            bx               lr
   98 00000106         clear
   99 00000106 F04F 0700       mov              r7,#0
  100 0000010A 7027            STRB             r7,[r4]
  101 0000010C 70C7            STRB             r7,[r0,#3]
  102 0000010E 4770            bx               lr
  103 00000110                 endp
  104 00000110                 end
              40004C20 
Command Line: --debug --xref --diag_suppress=9931 --cpu=Cortex-M4.fp --apcs=int
erwork --depend=.\objects\crosswalk.d -o.\objects\crosswalk.o -I.\RTE\_Target_1
 -I"C:\Users\Gabriel Peterson\AppData\Local\Arm\Packs\ARM\CMSIS\5.6.0\CMSIS\Cor
e\Include" -I"C:\Users\Gabriel Peterson\AppData\Local\Arm\Packs\TexasInstrument
s\MSP432P4xx_DFP\3.2.6\Device\Include" --predefine="__EVAL SETA 1" --predefine=
"__UVISION_VERSION SETA 528" --predefine="_RTE_ SETA 1" --predefine="__MSP432P4
01R__ SETA 1" --list=.\listings\crosswalk.lst CrossWalk.s



ARM Macro Assembler    Page 1 Alphabetic symbol ordering
Relocatable symbols

AllowCrossing 0000007E

Symbol: AllowCrossing
   Definitions
      At line 45 in file CrossWalk.s
   Uses
      At line 78 in file CrossWalk.s
Comment: AllowCrossing used once
FinalProject 00000000

Symbol: FinalProject
   Definitions
      At line 1 in file CrossWalk.s
   Uses
      None
Comment: FinalProject unused
L1open 0000004C

Symbol: L1open
   Definitions
      At line 26 in file CrossWalk.s
   Uses
      At line 41 in file CrossWalk.s
      At line 42 in file CrossWalk.s
      At line 72 in file CrossWalk.s

__main 00000000

Symbol: __main
   Definitions
      At line 3 in file CrossWalk.s
   Uses
      At line 2 in file CrossWalk.s
Comment: __main used once
check 000000CE

Symbol: check
   Definitions
      At line 74 in file CrossWalk.s
   Uses
      At line 40 in file CrossWalk.s
Comment: check used once
clear 00000106

Symbol: clear
   Definitions
      At line 98 in file CrossWalk.s
   Uses
      At line 71 in file CrossWalk.s
Comment: clear used once
delay 000000DA

Symbol: delay
   Definitions
      At line 81 in file CrossWalk.s
   Uses
      At line 31 in file CrossWalk.s
      At line 34 in file CrossWalk.s
      At line 37 in file CrossWalk.s



ARM Macro Assembler    Page 2 Alphabetic symbol ordering
Relocatable symbols

      At line 48 in file CrossWalk.s
      At line 52 in file CrossWalk.s
      At line 60 in file CrossWalk.s
      At line 64 in file CrossWalk.s
      At line 68 in file CrossWalk.s
      At line 96 in file CrossWalk.s

halt 0000007A

Symbol: halt
   Definitions
      At line 42 in file CrossWalk.s
   Uses
      At line 43 in file CrossWalk.s
Comment: halt used once
loop 000000E2

Symbol: loop
   Definitions
      At line 84 in file CrossWalk.s
   Uses
      At line 93 in file CrossWalk.s
Comment: loop used once
n1 000000F0

Symbol: n1
   Definitions
      At line 90 in file CrossWalk.s
   Uses
      At line 88 in file CrossWalk.s
Comment: n1 used once
10 symbols
347 symbols in table
